<?xml version="1.0" encoding="UTF-8"?>
<!-- Generated by org.testng.reporters.JUnitXMLReporter -->
<testsuite hostname="DESKTOP-MM0A1QU" name="Default test" tests="18" failures="0" timestamp="8 Dec 2017 02:43:37 GMT" time="187.944" errors="0">
  <testcase name="test15" time="22.857" classname="com.demo.Two.TellcaozuoTest"/>
  <testcase name="test16" time="6.66" classname="com.demo.Two.TellcaozuoTest"/>
  <testcase name="test17" time="9.986" classname="com.demo.Two.TellcaozuoTest"/>
  <testcase name="test18" time="9.858" classname="com.demo.Two.TellcaozuoTest"/>
  <testcase name="test19" time="13.133" classname="com.demo.Two.TellcaozuoTest"/>
  <testcase name="test20" time="9.86" classname="com.demo.Two.TellcaozuoTest"/>
  <testcase name="test21" time="13.858" classname="com.demo.Two.TellcaozuoTest"/>
  <testcase name="test23" time="6.607" classname="com.demo.Two.TellcaozuoTest"/>
  <testcase name="test24" time="6.595" classname="com.demo.Two.TellcaozuoTest"/>
  <testcase name="test25" time="6.576" classname="com.demo.Two.TellcaozuoTest"/>
  <testcase name="test26" time="13.162" classname="com.demo.Two.TellcaozuoTest"/>
  <testcase name="test27" time="9.914" classname="com.demo.Two.TellcaozuoTest"/>
  <testcase name="test28" time="3.303" classname="com.demo.Two.TellcaozuoTest"/>
  <testcase name="test29" time="6.645" classname="com.demo.Two.TellcaozuoTest"/>
  <testcase name="test30" time="16.358" classname="com.demo.Two.TellcaozuoTest"/>
  <testcase name="test31" time="6.576" classname="com.demo.Two.TellcaozuoTest"/>
  <testcase name="test32" time="16.452" classname="com.demo.Two.TellcaozuoTest"/>
  <testcase name="test33" time="3.275" classname="com.demo.Two.TellcaozuoTest"/>
</testsuite> <!-- Default test -->
