<?xml version="1.0" encoding="UTF-8"?>
<!-- Generated by org.testng.reporters.JUnitXMLReporter -->
<testsuite hostname="DESKTOP-MM0A1QU" name="TEST5" tests="3" failures="0" timestamp="8 Dec 2017 02:54:13 GMT" time="70.065" errors="0">
  <testcase name="test12" time="21.901" classname="com.demo.Two.TellzhuyeTest"/>
  <testcase name="test13" time="21.436" classname="com.demo.Two.TellzhuyeTest"/>
  <testcase name="test14" time="21.42" classname="com.demo.Two.TellzhuyeTest"/>
</testsuite> <!-- TEST5 -->
