<?xml version="1.0" encoding="UTF-8"?>
<!-- Generated by org.testng.reporters.JUnitXMLReporter -->
<testsuite hostname="DESKTOP-MM0A1QU" name="TEST8" tests="5" failures="0" timestamp="8 Dec 2017 02:59:39 GMT" time="41.758" errors="0">
  <testcase name="test38" time="22.846" classname="com.demo.Three.MineKhTest"/>
  <testcase name="test39" time="3.321" classname="com.demo.Three.MineKhTest"/>
  <testcase name="test40" time="3.275" classname="com.demo.Three.MineKhTest"/>
  <testcase name="test41" time="3.303" classname="com.demo.Three.MineKhTest"/>
  <testcase name="test42" time="3.278" classname="com.demo.Three.MineKhTest"/>
</testsuite> <!-- TEST8 -->
