<?xml version="1.0" encoding="UTF-8"?>
<!-- Generated by org.testng.reporters.JUnitXMLReporter -->
<testsuite hostname="DESKTOP-MM0A1QU" name="TEST9" tests="5" failures="0" timestamp="8 Dec 2017 03:03:01 GMT" time="201.408" errors="0">
  <testcase name="test45" time="39.67" classname="com.demo.Three.DataProviderTest"/>
  <testcase name="test45" time="39.383" classname="com.demo.Three.DataProviderTest"/>
  <testcase name="test45" time="39.103" classname="com.demo.Three.DataProviderTest"/>
  <testcase name="test45" time="38.94" classname="com.demo.Three.DataProviderTest"/>
  <testcase name="test45" time="39.033" classname="com.demo.Three.DataProviderTest"/>
</testsuite> <!-- TEST9 -->
