<?xml version="1.0" encoding="UTF-8"?>
<!-- Generated by org.testng.reporters.JUnitXMLReporter -->
<testsuite hostname="DESKTOP-MM0A1QU" name="TEST4" tests="5" failures="0" timestamp="8 Dec 2017 02:53:02 GMT" time="50.97" errors="0">
  <testcase name="test7" time="24.971" classname="com.demo.Two.TellNewaddTest"/>
  <testcase name="test8" time="3.675" classname="com.demo.Two.TellNewaddTest"/>
  <testcase name="test9" time="9.976" classname="com.demo.Two.TellNewaddTest"/>
  <testcase name="test10" time="3.618" classname="com.demo.Two.TellNewaddTest"/>
  <testcase name="test11" time="3.342" classname="com.demo.Two.TellNewaddTest"/>
</testsuite> <!-- TEST4 -->
