<?xml version="1.0" encoding="UTF-8"?>
<!-- Generated by org.testng.reporters.JUnitXMLReporter -->
<testsuite hostname="DESKTOP-MM0A1QU" name="TEST7" tests="4" failures="0" timestamp="8 Dec 2017 02:58:56 GMT" time="95.21" errors="0">
  <testcase name="test34" time="22.989" classname="com.demo.Three.KhzhuyeTest"/>
  <testcase name="test35" time="22.338" classname="com.demo.Three.KhzhuyeTest"/>
  <testcase name="test36" time="22.33" classname="com.demo.Three.KhzhuyeTest"/>
  <testcase name="test37" time="22.377" classname="com.demo.Three.KhzhuyeTest"/>
</testsuite> <!-- TEST7 -->
