<?xml version="1.0" encoding="UTF-8"?>
<!-- Generated by org.testng.reporters.JUnitXMLReporter -->
<testsuite hostname="DESKTOP-MM0A1QU" name="TEST2" tests="6" failures="0" timestamp="8 Dec 2017 02:51:38 GMT" time="69.479" errors="0">
  <testcase name="test50" time="13.28" classname="com.demo.One.LoginTest"/>
  <testcase name="test2" time="16.367" classname="com.demo.One.LoginTest"/>
  <testcase name="test3" time="9.857" classname="com.demo.One.LoginTest"/>
  <testcase name="test4" time="3.288" classname="com.demo.One.LoginTest"/>
  <testcase name="test5" time="18.118" classname="com.demo.One.LoginTest"/>
  <testcase name="test6" time="3.292" classname="com.demo.One.LoginTest"/>
</testsuite> <!-- TEST2 -->
