<?xml version="1.0" encoding="UTF-8"?>
<!-- Generated by org.testng.reporters.JUnitXMLReporter -->
<testsuite hostname="DESKTOP-MM0A1QU" name="TEST1" tests="8" failures="2" timestamp="8 Dec 2017 03:13:47 GMT" time="18.016" errors="0">
  <testcase name="test1" time="2.864" classname="com.demo.Three.ObjectPageTest"/>
  <testcase name="test" time="2.602" classname="com.demo.Three.ObjectPageTest"/>
  <testcase name="test50" time="0.078" classname="com.demo.One.LoginTest">
    <failure type="java.lang.AssertionError" message="expected [true] but found [false]">
      <![CDATA[java.lang.AssertionError: expected [true] but found [false]
	at com.demo.One.LoginTest.test50(LoginTest.java:19)
... Removed 28 stack frames]]>
    </failure>
  </testcase> <!-- test50 -->
  <testcase name="test2" time="0.031" classname="com.demo.One.LoginTest">
    <failure type="java.lang.AssertionError" message="expected [true] but found [false]">
      <![CDATA[java.lang.AssertionError: expected [true] but found [false]
	at com.demo.One.LoginTest.test2(LoginTest.java:36)
... Removed 28 stack frames]]>
    </failure>
  </testcase> <!-- test2 -->
  <testcase name="test3" time="0.0" classname="com.demo.One.LoginTest">
    <skipped/>
  </testcase> <!-- test3 -->
  <testcase name="test4" time="0.0" classname="com.demo.One.LoginTest">
    <skipped/>
  </testcase> <!-- test4 -->
  <testcase name="test5" time="0.0" classname="com.demo.One.LoginTest">
    <skipped/>
  </testcase> <!-- test5 -->
  <testcase name="test6" time="0.0" classname="com.demo.One.LoginTest">
    <skipped/>
  </testcase> <!-- test6 -->
</testsuite> <!-- TEST1 -->
