<?xml version="1.0" encoding="UTF-8"?>
<!-- Generated by org.testng.reporters.JUnitXMLReporter -->
<testsuite hostname="DESKTOP-MM0A1QU" name="TEST6" tests="18" failures="0" timestamp="8 Dec 2017 02:57:21 GMT" time="187.693" errors="0">
  <testcase name="test15" time="22.995" classname="com.demo.Two.TellcaozuoTest"/>
  <testcase name="test16" time="6.602" classname="com.demo.Two.TellcaozuoTest"/>
  <testcase name="test17" time="9.987" classname="com.demo.Two.TellcaozuoTest"/>
  <testcase name="test18" time="9.92" classname="com.demo.Two.TellcaozuoTest"/>
  <testcase name="test19" time="13.119" classname="com.demo.Two.TellcaozuoTest"/>
  <testcase name="test20" time="9.885" classname="com.demo.Two.TellcaozuoTest"/>
  <testcase name="test21" time="13.976" classname="com.demo.Two.TellcaozuoTest"/>
  <testcase name="test23" time="6.589" classname="com.demo.Two.TellcaozuoTest"/>
  <testcase name="test24" time="6.58" classname="com.demo.Two.TellcaozuoTest"/>
  <testcase name="test25" time="6.577" classname="com.demo.Two.TellcaozuoTest"/>
  <testcase name="test26" time="13.146" classname="com.demo.Two.TellcaozuoTest"/>
  <testcase name="test27" time="9.88" classname="com.demo.Two.TellcaozuoTest"/>
  <testcase name="test28" time="3.316" classname="com.demo.Two.TellcaozuoTest"/>
  <testcase name="test29" time="6.617" classname="com.demo.Two.TellcaozuoTest"/>
  <testcase name="test30" time="16.454" classname="com.demo.Two.TellcaozuoTest"/>
  <testcase name="test31" time="6.591" classname="com.demo.Two.TellcaozuoTest"/>
  <testcase name="test32" time="16.427" classname="com.demo.Two.TellcaozuoTest"/>
  <testcase name="test33" time="3.288" classname="com.demo.Two.TellcaozuoTest"/>
</testsuite> <!-- TEST6 -->
